Compiling the C compiler identification source file "CMakeCCompilerId.c" failed.
Compiler: /Library/Developer/CommandLineTools/usr/bin/cc 
Build flags: 
Id flags:  

The output was:
1
ld: library not found for -lSystem
clang: error: linker command failed with exit code 1 (use -v to see invocation)


Compiling the CXX compiler identification source file "CMakeCXXCompilerId.cpp" failed.
Compiler: /Library/Developer/CommandLineTools/usr/bin/c++ 
Build flags: 
Id flags:  

The output was:
1
ld: library not found for -lc++
clang: error: linker command failed with exit code 1 (use -v to see invocation)


Checking whether the ASM compiler is GNU using "--version" did not match "(GNU assembler)|(GCC)|(Free Software Foundation)":
Apple clang version 14.0.0 (clang-1400.0.29.202)
Target: x86_64-apple-darwin21.6.0
Thread model: posix
InstalledDir: /Library/Developer/CommandLineTools/usr/bin
Determining if the include file link.h exists failed with the following output:
Change Dir: /Users/zhanbincheng/Downloads/llvm3/build/CMakeFiles/CMakeTmp

Run Build Command(s):/usr/local/bin/ninja cmTC_66c95 && [1/2] Building C object CMakeFiles/cmTC_66c95.dir/CheckIncludeFile.c.o
FAILED: CMakeFiles/cmTC_66c95.dir/CheckIncludeFile.c.o 
/Library/Developer/CommandLineTools/usr/bin/cc   -arch x86_64 -isysroot /Library/Developer/CommandLineTools/SDKs/MacOSX13.1.sdk -mmacosx-version-min=12.6 -MD -MT CMakeFiles/cmTC_66c95.dir/CheckIncludeFile.c.o -MF CMakeFiles/cmTC_66c95.dir/CheckIncludeFile.c.o.d -o CMakeFiles/cmTC_66c95.dir/CheckIncludeFile.c.o -c /Users/zhanbincheng/Downloads/llvm3/build/CMakeFiles/CMakeTmp/CheckIncludeFile.c
/Users/zhanbincheng/Downloads/llvm3/build/CMakeFiles/CMakeTmp/CheckIncludeFile.c:1:10: fatal error: 'link.h' file not found
#include <link.h>
         ^~~~~~~~
1 error generated.
ninja: build stopped: subcommand failed.



Determining if the include file valgrind/valgrind.h exists failed with the following output:
Change Dir: /Users/zhanbincheng/Downloads/llvm3/build/CMakeFiles/CMakeTmp

Run Build Command(s):/usr/local/bin/ninja cmTC_636a4 && [1/2] Building C object CMakeFiles/cmTC_636a4.dir/CheckIncludeFile.c.o
FAILED: CMakeFiles/cmTC_636a4.dir/CheckIncludeFile.c.o 
/Library/Developer/CommandLineTools/usr/bin/cc   -arch x86_64 -isysroot /Library/Developer/CommandLineTools/SDKs/MacOSX13.1.sdk -mmacosx-version-min=12.6 -MD -MT CMakeFiles/cmTC_636a4.dir/CheckIncludeFile.c.o -MF CMakeFiles/cmTC_636a4.dir/CheckIncludeFile.c.o.d -o CMakeFiles/cmTC_636a4.dir/CheckIncludeFile.c.o -c /Users/zhanbincheng/Downloads/llvm3/build/CMakeFiles/CMakeTmp/CheckIncludeFile.c
/Users/zhanbincheng/Downloads/llvm3/build/CMakeFiles/CMakeTmp/CheckIncludeFile.c:1:10: fatal error: 'valgrind/valgrind.h' file not found
#include <valgrind/valgrind.h>
         ^~~~~~~~~~~~~~~~~~~~~
1 error generated.
ninja: build stopped: subcommand failed.



Determining if the include file CrashReporterClient.h exists failed with the following output:
Change Dir: /Users/zhanbincheng/Downloads/llvm3/build/CMakeFiles/CMakeTmp

Run Build Command(s):/usr/local/bin/ninja cmTC_ba58a && [1/2] Building C object CMakeFiles/cmTC_ba58a.dir/CheckIncludeFile.c.o
FAILED: CMakeFiles/cmTC_ba58a.dir/CheckIncludeFile.c.o 
/Library/Developer/CommandLineTools/usr/bin/cc   -arch x86_64 -isysroot /Library/Developer/CommandLineTools/SDKs/MacOSX13.1.sdk -mmacosx-version-min=12.6 -MD -MT CMakeFiles/cmTC_ba58a.dir/CheckIncludeFile.c.o -MF CMakeFiles/cmTC_ba58a.dir/CheckIncludeFile.c.o.d -o CMakeFiles/cmTC_ba58a.dir/CheckIncludeFile.c.o -c /Users/zhanbincheng/Downloads/llvm3/build/CMakeFiles/CMakeTmp/CheckIncludeFile.c
/Users/zhanbincheng/Downloads/llvm3/build/CMakeFiles/CMakeTmp/CheckIncludeFile.c:1:10: fatal error: 'CrashReporterClient.h' file not found
#include <CrashReporterClient.h>
         ^~~~~~~~~~~~~~~~~~~~~~~
1 error generated.
ninja: build stopped: subcommand failed.



Determining if the function clock_gettime exists in the rt failed with the following output:
Change Dir: /Users/zhanbincheng/Downloads/llvm3/build/CMakeFiles/CMakeTmp

Run Build Command(s):/usr/local/bin/ninja cmTC_af3cf && [1/2] Building C object CMakeFiles/cmTC_af3cf.dir/CheckFunctionExists.c.o
[2/2] Linking C executable cmTC_af3cf
FAILED: cmTC_af3cf 
: && /Library/Developer/CommandLineTools/usr/bin/cc -DCHECK_FUNCTION_EXISTS=clock_gettime -arch x86_64 -isysroot /Library/Developer/CommandLineTools/SDKs/MacOSX13.1.sdk -mmacosx-version-min=12.6 -Wl,-search_paths_first -Wl,-headerpad_max_install_names  CMakeFiles/cmTC_af3cf.dir/CheckFunctionExists.c.o -o cmTC_af3cf  -lrt && :
ld: library not found for -lrt
clang: error: linker command failed with exit code 1 (use -v to see invocation)
ninja: build stopped: subcommand failed.



Determining if the function pfm_initialize exists in the pfm failed with the following output:
Change Dir: /Users/zhanbincheng/Downloads/llvm3/build/CMakeFiles/CMakeTmp

Run Build Command(s):/usr/local/bin/ninja cmTC_3a1b5 && [1/2] Building C object CMakeFiles/cmTC_3a1b5.dir/CheckFunctionExists.c.o
[2/2] Linking C executable cmTC_3a1b5
FAILED: cmTC_3a1b5 
: && /Library/Developer/CommandLineTools/usr/bin/cc -DCHECK_FUNCTION_EXISTS=pfm_initialize -arch x86_64 -isysroot /Library/Developer/CommandLineTools/SDKs/MacOSX13.1.sdk -mmacosx-version-min=12.6 -Wl,-search_paths_first -Wl,-headerpad_max_install_names  CMakeFiles/cmTC_3a1b5.dir/CheckFunctionExists.c.o -o cmTC_3a1b5  -lpfm && :
ld: library not found for -lpfm
clang: error: linker command failed with exit code 1 (use -v to see invocation)
ninja: build stopped: subcommand failed.



Determining if the lseek64 exist failed with the following output:
Change Dir: /Users/zhanbincheng/Downloads/llvm3/build/CMakeFiles/CMakeTmp

Run Build Command(s):/usr/local/bin/ninja cmTC_c56b5 && [1/2] Building C object CMakeFiles/cmTC_c56b5.dir/CheckSymbolExists.c.o
FAILED: CMakeFiles/cmTC_c56b5.dir/CheckSymbolExists.c.o 
/Library/Developer/CommandLineTools/usr/bin/cc -D_LARGEFILE64_SOURCE  -Werror=unguarded-availability-new -arch x86_64 -isysroot /Library/Developer/CommandLineTools/SDKs/MacOSX13.1.sdk -mmacosx-version-min=12.6 -MD -MT CMakeFiles/cmTC_c56b5.dir/CheckSymbolExists.c.o -MF CMakeFiles/cmTC_c56b5.dir/CheckSymbolExists.c.o.d -o CMakeFiles/cmTC_c56b5.dir/CheckSymbolExists.c.o -c /Users/zhanbincheng/Downloads/llvm3/build/CMakeFiles/CMakeTmp/CheckSymbolExists.c
/Users/zhanbincheng/Downloads/llvm3/build/CMakeFiles/CMakeTmp/CheckSymbolExists.c:9:19: error: use of undeclared identifier 'lseek64'; did you mean 'lseek'?
  return ((int*)(&lseek64))[argc];
                  ^~~~~~~
                  lseek
/Library/Developer/CommandLineTools/SDKs/MacOSX13.1.sdk/usr/include/unistd.h:465:8: note: 'lseek' declared here
off_t    lseek(int, off_t, int);
         ^
1 error generated.
ninja: build stopped: subcommand failed.


File /Users/zhanbincheng/Downloads/llvm3/build/CMakeFiles/CMakeTmp/CheckSymbolExists.c:
/* */
#include <sys/types.h>
#include <unistd.h>

int main(int argc, char** argv)
{
  (void)argv;
#ifndef lseek64
  return ((int*)(&lseek64))[argc];
#else
  (void)argc;
  return 0;
#endif
}
Determining if the mallctl exist failed with the following output:
Change Dir: /Users/zhanbincheng/Downloads/llvm3/build/CMakeFiles/CMakeTmp

Run Build Command(s):/usr/local/bin/ninja cmTC_5bab9 && [1/2] Building C object CMakeFiles/cmTC_5bab9.dir/CheckSymbolExists.c.o
FAILED: CMakeFiles/cmTC_5bab9.dir/CheckSymbolExists.c.o 
/Library/Developer/CommandLineTools/usr/bin/cc   -Werror=unguarded-availability-new -arch x86_64 -isysroot /Library/Developer/CommandLineTools/SDKs/MacOSX13.1.sdk -mmacosx-version-min=12.6 -MD -MT CMakeFiles/cmTC_5bab9.dir/CheckSymbolExists.c.o -MF CMakeFiles/cmTC_5bab9.dir/CheckSymbolExists.c.o.d -o CMakeFiles/cmTC_5bab9.dir/CheckSymbolExists.c.o -c /Users/zhanbincheng/Downloads/llvm3/build/CMakeFiles/CMakeTmp/CheckSymbolExists.c
/Users/zhanbincheng/Downloads/llvm3/build/CMakeFiles/CMakeTmp/CheckSymbolExists.c:2:10: fatal error: 'malloc_np.h' file not found
#include <malloc_np.h>
         ^~~~~~~~~~~~~
1 error generated.
ninja: build stopped: subcommand failed.


File /Users/zhanbincheng/Downloads/llvm3/build/CMakeFiles/CMakeTmp/CheckSymbolExists.c:
/* */
#include <malloc_np.h>

int main(int argc, char** argv)
{
  (void)argv;
#ifndef mallctl
  return ((int*)(&mallctl))[argc];
#else
  (void)argc;
  return 0;
#endif
}
Determining if the mallinfo exist failed with the following output:
Change Dir: /Users/zhanbincheng/Downloads/llvm3/build/CMakeFiles/CMakeTmp

Run Build Command(s):/usr/local/bin/ninja cmTC_74eb9 && [1/2] Building C object CMakeFiles/cmTC_74eb9.dir/CheckSymbolExists.c.o
FAILED: CMakeFiles/cmTC_74eb9.dir/CheckSymbolExists.c.o 
/Library/Developer/CommandLineTools/usr/bin/cc   -Werror=unguarded-availability-new -arch x86_64 -isysroot /Library/Developer/CommandLineTools/SDKs/MacOSX13.1.sdk -mmacosx-version-min=12.6 -MD -MT CMakeFiles/cmTC_74eb9.dir/CheckSymbolExists.c.o -MF CMakeFiles/cmTC_74eb9.dir/CheckSymbolExists.c.o.d -o CMakeFiles/cmTC_74eb9.dir/CheckSymbolExists.c.o -c /Users/zhanbincheng/Downloads/llvm3/build/CMakeFiles/CMakeTmp/CheckSymbolExists.c
/Users/zhanbincheng/Downloads/llvm3/build/CMakeFiles/CMakeTmp/CheckSymbolExists.c:2:10: fatal error: 'malloc.h' file not found
#include <malloc.h>
         ^~~~~~~~~~
1 error generated.
ninja: build stopped: subcommand failed.


File /Users/zhanbincheng/Downloads/llvm3/build/CMakeFiles/CMakeTmp/CheckSymbolExists.c:
/* */
#include <malloc.h>

int main(int argc, char** argv)
{
  (void)argv;
#ifndef mallinfo
  return ((int*)(&mallinfo))[argc];
#else
  (void)argc;
  return 0;
#endif
}
Determining if the mallinfo2 exist failed with the following output:
Change Dir: /Users/zhanbincheng/Downloads/llvm3/build/CMakeFiles/CMakeTmp

Run Build Command(s):/usr/local/bin/ninja cmTC_c48c7 && [1/2] Building C object CMakeFiles/cmTC_c48c7.dir/CheckSymbolExists.c.o
FAILED: CMakeFiles/cmTC_c48c7.dir/CheckSymbolExists.c.o 
/Library/Developer/CommandLineTools/usr/bin/cc   -Werror=unguarded-availability-new -arch x86_64 -isysroot /Library/Developer/CommandLineTools/SDKs/MacOSX13.1.sdk -mmacosx-version-min=12.6 -MD -MT CMakeFiles/cmTC_c48c7.dir/CheckSymbolExists.c.o -MF CMakeFiles/cmTC_c48c7.dir/CheckSymbolExists.c.o.d -o CMakeFiles/cmTC_c48c7.dir/CheckSymbolExists.c.o -c /Users/zhanbincheng/Downloads/llvm3/build/CMakeFiles/CMakeTmp/CheckSymbolExists.c
/Users/zhanbincheng/Downloads/llvm3/build/CMakeFiles/CMakeTmp/CheckSymbolExists.c:2:10: fatal error: 'malloc.h' file not found
#include <malloc.h>
         ^~~~~~~~~~
1 error generated.
ninja: build stopped: subcommand failed.


File /Users/zhanbincheng/Downloads/llvm3/build/CMakeFiles/CMakeTmp/CheckSymbolExists.c:
/* */
#include <malloc.h>

int main(int argc, char** argv)
{
  (void)argv;
#ifndef mallinfo2
  return ((int*)(&mallinfo2))[argc];
#else
  (void)argc;
  return 0;
#endif
}
Determining if the strerror_s exist failed with the following output:
Change Dir: /Users/zhanbincheng/Downloads/llvm3/build/CMakeFiles/CMakeTmp

Run Build Command(s):/usr/local/bin/ninja cmTC_fb68d && [1/2] Building C object CMakeFiles/cmTC_fb68d.dir/CheckSymbolExists.c.o
FAILED: CMakeFiles/cmTC_fb68d.dir/CheckSymbolExists.c.o 
/Library/Developer/CommandLineTools/usr/bin/cc   -Werror=unguarded-availability-new -arch x86_64 -isysroot /Library/Developer/CommandLineTools/SDKs/MacOSX13.1.sdk -mmacosx-version-min=12.6 -MD -MT CMakeFiles/cmTC_fb68d.dir/CheckSymbolExists.c.o -MF CMakeFiles/cmTC_fb68d.dir/CheckSymbolExists.c.o.d -o CMakeFiles/cmTC_fb68d.dir/CheckSymbolExists.c.o -c /Users/zhanbincheng/Downloads/llvm3/build/CMakeFiles/CMakeTmp/CheckSymbolExists.c
/Users/zhanbincheng/Downloads/llvm3/build/CMakeFiles/CMakeTmp/CheckSymbolExists.c:8:19: error: use of undeclared identifier 'strerror_s'; did you mean 'strerror_r'?
  return ((int*)(&strerror_s))[argc];
                  ^~~~~~~~~~
                  strerror_r
/Library/Developer/CommandLineTools/SDKs/MacOSX13.1.sdk/usr/include/string.h:116:6: note: 'strerror_r' declared here
int      strerror_r(int __errnum, char *__strerrbuf, size_t __buflen);
         ^
1 error generated.
ninja: build stopped: subcommand failed.


File /Users/zhanbincheng/Downloads/llvm3/build/CMakeFiles/CMakeTmp/CheckSymbolExists.c:
/* */
#include <string.h>

int main(int argc, char** argv)
{
  (void)argv;
#ifndef strerror_s
  return ((int*)(&strerror_s))[argc];
#else
  (void)argc;
  return 0;
#endif
}
Performing C SOURCE FILE Test HAVE_STRUCT_STAT_ST_MTIM_TV_NSEC failed with the following output:
Change Dir: /Users/zhanbincheng/Downloads/llvm3/build/CMakeFiles/CMakeTmp

Run Build Command(s):/usr/local/bin/ninja cmTC_b9212 && [1/2] Building C object CMakeFiles/cmTC_b9212.dir/src.c.o
FAILED: CMakeFiles/cmTC_b9212.dir/src.c.o 
/Library/Developer/CommandLineTools/usr/bin/cc -DHAVE_STRUCT_STAT_ST_MTIM_TV_NSEC  -Werror=unguarded-availability-new -arch x86_64 -isysroot /Library/Developer/CommandLineTools/SDKs/MacOSX13.1.sdk -mmacosx-version-min=12.6 -MD -MT CMakeFiles/cmTC_b9212.dir/src.c.o -MF CMakeFiles/cmTC_b9212.dir/src.c.o.d -o CMakeFiles/cmTC_b9212.dir/src.c.o -c /Users/zhanbincheng/Downloads/llvm3/build/CMakeFiles/CMakeTmp/src.c
/Users/zhanbincheng/Downloads/llvm3/build/CMakeFiles/CMakeTmp/src.c:7:36: error: no member named 'st_mtim' in 'struct stat'
  (void)sizeof(((struct stat *)0)->st_mtim.tv_nsec);
               ~~~~~~~~~~~~~~~~~~  ^
1 error generated.
ninja: build stopped: subcommand failed.


Source file was:

#include <sys/types.h>
#include <sys/stat.h>

int main()
{
  (void)sizeof(((struct stat *)0)->st_mtim.tv_nsec);
  return 0;
}

Determining if the __GLIBC__ exist failed with the following output:
Change Dir: /Users/zhanbincheng/Downloads/llvm3/build/CMakeFiles/CMakeTmp

Run Build Command(s):/usr/local/bin/ninja cmTC_6500c && [1/2] Building C object CMakeFiles/cmTC_6500c.dir/CheckSymbolExists.c.o
FAILED: CMakeFiles/cmTC_6500c.dir/CheckSymbolExists.c.o 
/Library/Developer/CommandLineTools/usr/bin/cc   -Werror=unguarded-availability-new -arch x86_64 -isysroot /Library/Developer/CommandLineTools/SDKs/MacOSX13.1.sdk -mmacosx-version-min=12.6 -MD -MT CMakeFiles/cmTC_6500c.dir/CheckSymbolExists.c.o -MF CMakeFiles/cmTC_6500c.dir/CheckSymbolExists.c.o.d -o CMakeFiles/cmTC_6500c.dir/CheckSymbolExists.c.o -c /Users/zhanbincheng/Downloads/llvm3/build/CMakeFiles/CMakeTmp/CheckSymbolExists.c
/Users/zhanbincheng/Downloads/llvm3/build/CMakeFiles/CMakeTmp/CheckSymbolExists.c:8:19: error: use of undeclared identifier '__GLIBC__'
  return ((int*)(&__GLIBC__))[argc];
                  ^
1 error generated.
ninja: build stopped: subcommand failed.


File /Users/zhanbincheng/Downloads/llvm3/build/CMakeFiles/CMakeTmp/CheckSymbolExists.c:
/* */
#include <stdio.h>

int main(int argc, char** argv)
{
  (void)argv;
#ifndef __GLIBC__
  return ((int*)(&__GLIBC__))[argc];
#else
  (void)argc;
  return 0;
#endif
}
Performing C SOURCE FILE Test C_SUPPORTS_FNO_SEMANTIC_INTERPOSITION failed with the following output:
Change Dir: /Users/zhanbincheng/Downloads/llvm3/build/CMakeFiles/CMakeTmp

Run Build Command(s):/usr/local/bin/ninja cmTC_11913 && [1/2] Building C object CMakeFiles/cmTC_11913.dir/src.c.o
FAILED: CMakeFiles/cmTC_11913.dir/src.c.o 
/Library/Developer/CommandLineTools/usr/bin/cc -DC_SUPPORTS_FNO_SEMANTIC_INTERPOSITION  -fPIC  -Werror=unguarded-availability-new -arch x86_64 -isysroot /Library/Developer/CommandLineTools/SDKs/MacOSX13.1.sdk -mmacosx-version-min=12.6   -Werror -fno-semantic-interposition -MD -MT CMakeFiles/cmTC_11913.dir/src.c.o -MF CMakeFiles/cmTC_11913.dir/src.c.o.d -o CMakeFiles/cmTC_11913.dir/src.c.o -c /Users/zhanbincheng/Downloads/llvm3/build/CMakeFiles/CMakeTmp/src.c
clang: error: argument unused during compilation: '-fno-semantic-interposition' [-Werror,-Wunused-command-line-argument]
ninja: build stopped: subcommand failed.


Source file was:
int main(void) { return 0; }
Performing C++ SOURCE FILE Test CXX_SUPPORTS_FNO_SEMANTIC_INTERPOSITION failed with the following output:
Change Dir: /Users/zhanbincheng/Downloads/llvm3/build/CMakeFiles/CMakeTmp

Run Build Command(s):/usr/local/bin/ninja cmTC_e16e9 && [1/2] Building CXX object CMakeFiles/cmTC_e16e9.dir/src.cxx.o
FAILED: CMakeFiles/cmTC_e16e9.dir/src.cxx.o 
/Library/Developer/CommandLineTools/usr/bin/c++ -DCXX_SUPPORTS_FNO_SEMANTIC_INTERPOSITION  -fPIC  -Werror=unguarded-availability-new -arch x86_64 -isysroot /Library/Developer/CommandLineTools/SDKs/MacOSX13.1.sdk -mmacosx-version-min=12.6   -Werror -fno-semantic-interposition -std=c++14 -MD -MT CMakeFiles/cmTC_e16e9.dir/src.cxx.o -MF CMakeFiles/cmTC_e16e9.dir/src.cxx.o.d -o CMakeFiles/cmTC_e16e9.dir/src.cxx.o -c /Users/zhanbincheng/Downloads/llvm3/build/CMakeFiles/CMakeTmp/src.cxx
clang: error: argument unused during compilation: '-fno-semantic-interposition' [-Werror,-Wunused-command-line-argument]
ninja: build stopped: subcommand failed.


Source file was:
int main() { return 0; }
Performing C++ SOURCE FILE Test CXX_SUPPORTS_CLASS_MEMACCESS_FLAG failed with the following output:
Change Dir: /Users/zhanbincheng/Downloads/llvm3/build/CMakeFiles/CMakeTmp

Run Build Command(s):/usr/local/bin/ninja cmTC_da551 && [1/2] Building CXX object CMakeFiles/cmTC_da551.dir/src.cxx.o
warning: unknown warning option '-Wclass-memaccess'; did you mean '-Wclass-varargs'? [-Wunknown-warning-option]
1 warning generated.
[2/2] Linking CXX executable cmTC_da551


Source file was:
int main() { return 0; }
Performing C++ SOURCE FILE Test LINKER_SUPPORTS_COLOR_DIAGNOSTICS failed with the following output:
Change Dir: /Users/zhanbincheng/Downloads/llvm3/build/CMakeFiles/CMakeTmp

Run Build Command(s):/usr/local/bin/ninja cmTC_8fe78 && [1/2] Building CXX object CMakeFiles/cmTC_8fe78.dir/src.cxx.o
[2/2] Linking CXX executable cmTC_8fe78
FAILED: cmTC_8fe78 
: && /Library/Developer/CommandLineTools/usr/bin/c++ -fPIC -fvisibility-inlines-hidden -Werror=date-time -Werror=unguarded-availability-new -Wall -Wextra -Wno-unused-parameter -Wwrite-strings -Wcast-qual -Wmissing-field-initializers -pedantic -Wno-long-long -Wc++98-compat-extra-semi -Wimplicit-fallthrough -Wcovered-switch-default -Wno-noexcept-type -Wnon-virtual-dtor -Wdelete-non-virtual-dtor -Wsuggest-override -Wstring-conversion -Wmisleading-indentation -fdiagnostics-color  -Werror=unguarded-availability-new -arch x86_64 -isysroot /Library/Developer/CommandLineTools/SDKs/MacOSX13.1.sdk -mmacosx-version-min=12.6 -Wl,-search_paths_first -Wl,-headerpad_max_install_names -Wl,--color-diagnostics CMakeFiles/cmTC_8fe78.dir/src.cxx.o -o cmTC_8fe78   && :
ld: unknown option: --color-diagnostics
clang: error: linker command failed with exit code 1 (use -v to see invocation)
ninja: build stopped: subcommand failed.


Source file was:
int main() { return 0; }
Performing C++ SOURCE FILE Test LLVM_HAS_NOGLOBAL_CTOR_MUTEX failed with the following output:
Change Dir: /Users/zhanbincheng/Downloads/llvm3/build/CMakeFiles/CMakeTmp

Run Build Command(s):/usr/local/bin/ninja cmTC_1ee4e && [1/2] Building CXX object CMakeFiles/cmTC_1ee4e.dir/src.cxx.o
FAILED: CMakeFiles/cmTC_1ee4e.dir/src.cxx.o 
/Library/Developer/CommandLineTools/usr/bin/c++ -DLLVM_HAS_NOGLOBAL_CTOR_MUTEX  -fPIC -fvisibility-inlines-hidden -Werror=date-time -Werror=unguarded-availability-new -Wall -Wextra -Wno-unused-parameter -Wwrite-strings -Wcast-qual -Wmissing-field-initializers -pedantic -Wno-long-long -Wc++98-compat-extra-semi -Wimplicit-fallthrough -Wcovered-switch-default -Wno-noexcept-type -Wnon-virtual-dtor -Wdelete-non-virtual-dtor -Wsuggest-override -Wstring-conversion -Wmisleading-indentation -fdiagnostics-color -Werror=global-constructors  -Werror=unguarded-availability-new -arch x86_64 -isysroot /Library/Developer/CommandLineTools/SDKs/MacOSX13.1.sdk -mmacosx-version-min=12.6 -std=c++14 -MD -MT CMakeFiles/cmTC_1ee4e.dir/src.cxx.o -MF CMakeFiles/cmTC_1ee4e.dir/src.cxx.o.d -o CMakeFiles/cmTC_1ee4e.dir/src.cxx.o -c /Users/zhanbincheng/Downloads/llvm3/build/CMakeFiles/CMakeTmp/src.cxx
/Users/zhanbincheng/Downloads/llvm3/build/CMakeFiles/CMakeTmp/src.cxx:3:21: error: declaration requires a global destructor [-Werror,-Wglobal-constructors]
  static std::mutex TestGlobalCtorDtor;
                    ^
/Users/zhanbincheng/Downloads/llvm3/build/CMakeFiles/CMakeTmp/src.cxx:4:31: error: declaration requires a global destructor [-Werror,-Wglobal-constructors]
  static std::recursive_mutex TestGlobalCtorDtor2;
                              ^
2 errors generated.
ninja: build stopped: subcommand failed.


Source file was:

  #include <mutex>
  static std::mutex TestGlobalCtorDtor;
  static std::recursive_mutex TestGlobalCtorDtor2;
  int main() { (void)TestGlobalCtorDtor; (void)TestGlobalCtorDtor2; return 0;}
  
